{"meta": {"format": 3, "version": "7.7.0", "timestamp": "2025-04-01T00:28:22.255227", "branch_coverage": false, "show_contexts": false}, "files": {"src/__init__.py": {"executed_lines": [1], "summary": {"covered_lines": 0, "num_statements": 0, "percent_covered": 100.0, "percent_covered_display": "100", "missing_lines": 0, "excluded_lines": 0}, "missing_lines": [], "excluded_lines": [], "functions": {"": {"executed_lines": [1], "summary": {"covered_lines": 0, "num_statements": 0, "percent_covered": 100.0, "percent_covered_display": "100", "missing_lines": 0, "excluded_lines": 0}, "missing_lines": [], "excluded_lines": []}}, "classes": {"": {"executed_lines": [1], "summary": {"covered_lines": 0, "num_statements": 0, "percent_covered": 100.0, "percent_covered_display": "100", "missing_lines": 0, "excluded_lines": 0}, "missing_lines": [], "excluded_lines": []}}}, "src/api/__init__.py": {"executed_lines": [], "summary": {"covered_lines": 0, "num_statements": 0, "percent_covered": 100.0, "percent_covered_display": "100", "missing_lines": 0, "excluded_lines": 0}, "missing_lines": [], "excluded_lines": [], "functions": {"": {"executed_lines": [], "summary": {"covered_lines": 0, "num_statements": 0, "percent_covered": 100.0, "percent_covered_display": "100", "missing_lines": 0, "excluded_lines": 0}, "missing_lines": [], "excluded_lines": []}}, "classes": {"": {"executed_lines": [], "summary": {"covered_lines": 0, "num_statements": 0, "percent_covered": 100.0, "percent_covered_display": "100", "missing_lines": 0, "excluded_lines": 0}, "missing_lines": [], "excluded_lines": []}}}, "src/api/endpoints.py": {"executed_lines": [], "summary": {"covered_lines": 0, "num_statements": 27, "percent_covered": 0.0, "percent_covered_display": "0", "missing_lines": 27, "excluded_lines": 0}, "missing_lines": [1, 2, 3, 5, 10, 11, 13, 14, 16, 17, 24, 25, 26, 27, 28, 30, 31, 38, 39, 44, 45, 46, 47, 48, 50, 51, 60], "excluded_lines": [], "functions": {"evaluate_interaction": {"executed_lines": [], "summary": {"covered_lines": 0, "num_statements": 5, "percent_covered": 0.0, "percent_covered_display": "0", "missing_lines": 5, "excluded_lines": 0}, "missing_lines": [24, 25, 26, 27, 28], "excluded_lines": []}, "evaluate_batch": {"executed_lines": [], "summary": {"covered_lines": 0, "num_statements": 7, "percent_covered": 0.0, "percent_covered_display": "0", "missing_lines": 7, "excluded_lines": 0}, "missing_lines": [38, 39, 44, 45, 46, 47, 48], "excluded_lines": []}, "get_metrics": {"executed_lines": [], "summary": {"covered_lines": 0, "num_statements": 1, "percent_covered": 0.0, "percent_covered_display": "0", "missing_lines": 1, "excluded_lines": 0}, "missing_lines": [60], "excluded_lines": []}, "": {"executed_lines": [], "summary": {"covered_lines": 0, "num_statements": 14, "percent_covered": 0.0, "percent_covered_display": "0", "missing_lines": 14, "excluded_lines": 0}, "missing_lines": [1, 2, 3, 5, 10, 11, 13, 14, 16, 17, 30, 31, 50, 51], "excluded_lines": []}}, "classes": {"": {"executed_lines": [], "summary": {"covered_lines": 0, "num_statements": 27, "percent_covered": 0.0, "percent_covered_display": "0", "missing_lines": 27, "excluded_lines": 0}, "missing_lines": [1, 2, 3, 5, 10, 11, 13, 14, 16, 17, 24, 25, 26, 27, 28, 30, 31, 38, 39, 44, 45, 46, 47, 48, 50, 51, 60], "excluded_lines": []}}}, "src/data/__init__.py": {"executed_lines": [1], "summary": {"covered_lines": 0, "num_statements": 0, "percent_covered": 100.0, "percent_covered_display": "100", "missing_lines": 0, "excluded_lines": 0}, "missing_lines": [], "excluded_lines": [], "functions": {"": {"executed_lines": [1], "summary": {"covered_lines": 0, "num_statements": 0, "percent_covered": 100.0, "percent_covered_display": "100", "missing_lines": 0, "excluded_lines": 0}, "missing_lines": [], "excluded_lines": []}}, "classes": {"": {"executed_lines": [1], "summary": {"covered_lines": 0, "num_statements": 0, "percent_covered": 100.0, "percent_covered_display": "100", "missing_lines": 0, "excluded_lines": 0}, "missing_lines": [], "excluded_lines": []}}}, "src/data/dataset_generator.py": {"executed_lines": [1, 2, 3, 4, 5, 7, 8, 10, 11, 13, 14, 40, 52, 123, 150, 161, 173, 185], "summary": {"covered_lines": 18, "num_statements": 52, "percent_covered": 34.61538461538461, "percent_covered_display": "35", "missing_lines": 34, "excluded_lines": 0}, "missing_lines": [15, 26, 33, 42, 54, 55, 58, 86, 89, 92, 100, 105, 114, 121, 125, 128, 129, 140, 141, 146, 148, 157, 158, 159, 163, 164, 165, 169, 170, 171, 175, 187, 188, 190], "excluded_lines": [], "functions": {"DatasetGenerator.__init__": {"executed_lines": [], "summary": {"covered_lines": 0, "num_statements": 3, "percent_covered": 0.0, "percent_covered_display": "0", "missing_lines": 3, "excluded_lines": 0}, "missing_lines": [15, 26, 33], "excluded_lines": []}, "DatasetGenerator.generate_sample_context": {"executed_lines": [], "summary": {"covered_lines": 0, "num_statements": 1, "percent_covered": 0.0, "percent_covered_display": "0", "missing_lines": 1, "excluded_lines": 0}, "missing_lines": [42], "excluded_lines": []}, "DatasetGenerator.generate_sample_conversation": {"executed_lines": [], "summary": {"covered_lines": 0, "num_statements": 10, "percent_covered": 0.0, "percent_covered_display": "0", "missing_lines": 10, "excluded_lines": 0}, "missing_lines": [54, 55, 58, 86, 89, 92, 100, 105, 114, 121], "excluded_lines": []}, "DatasetGenerator.generate_test_case": {"executed_lines": [], "summary": {"covered_lines": 0, "num_statements": 7, "percent_covered": 0.0, "percent_covered_display": "0", "missing_lines": 7, "excluded_lines": 0}, "missing_lines": [125, 128, 129, 140, 141, 146, 148], "excluded_lines": []}, "DatasetGenerator.generate_evaluation_dataset": {"executed_lines": [], "summary": {"covered_lines": 0, "num_statements": 3, "percent_covered": 0.0, "percent_covered_display": "0", "missing_lines": 3, "excluded_lines": 0}, "missing_lines": [157, 158, 159], "excluded_lines": []}, "DatasetGenerator.generate_multiple_datasets": {"executed_lines": [], "summary": {"covered_lines": 0, "num_statements": 6, "percent_covered": 0.0, "percent_covered_display": "0", "missing_lines": 6, "excluded_lines": 0}, "missing_lines": [163, 164, 165, 169, 170, 171], "excluded_lines": []}, "DatasetGenerator._create_default_metrics": {"executed_lines": [], "summary": {"covered_lines": 0, "num_statements": 1, "percent_covered": 0.0, "percent_covered_display": "0", "missing_lines": 1, "excluded_lines": 0}, "missing_lines": [175], "excluded_lines": []}, "DatasetGenerator._create_evaluation_context": {"executed_lines": [], "summary": {"covered_lines": 0, "num_statements": 3, "percent_covered": 0.0, "percent_covered_display": "0", "missing_lines": 3, "excluded_lines": 0}, "missing_lines": [187, 188, 190], "excluded_lines": []}, "": {"executed_lines": [1, 2, 3, 4, 5, 7, 8, 10, 11, 13, 14, 40, 52, 123, 150, 161, 173, 185], "summary": {"covered_lines": 18, "num_statements": 18, "percent_covered": 100.0, "percent_covered_display": "100", "missing_lines": 0, "excluded_lines": 0}, "missing_lines": [], "excluded_lines": []}}, "classes": {"DatasetGenerator": {"executed_lines": [], "summary": {"covered_lines": 0, "num_statements": 34, "percent_covered": 0.0, "percent_covered_display": "0", "missing_lines": 34, "excluded_lines": 0}, "missing_lines": [15, 26, 33, 42, 54, 55, 58, 86, 89, 92, 100, 105, 114, 121, 125, 128, 129, 140, 141, 146, 148, 157, 158, 159, 163, 164, 165, 169, 170, 171, 175, 187, 188, 190], "excluded_lines": []}, "": {"executed_lines": [1, 2, 3, 4, 5, 7, 8, 10, 11, 13, 14, 40, 52, 123, 150, 161, 173, 185], "summary": {"covered_lines": 18, "num_statements": 18, "percent_covered": 100.0, "percent_covered_display": "100", "missing_lines": 0, "excluded_lines": 0}, "missing_lines": [], "excluded_lines": []}}}, "src/main.py": {"executed_lines": [], "summary": {"covered_lines": 0, "num_statements": 11, "percent_covered": 0.0, "percent_covered_display": "0", "missing_lines": 11, "excluded_lines": 0}, "missing_lines": [1, 2, 4, 5, 7, 8, 10, 16, 25, 30, 32], "excluded_lines": [], "functions": {"create_application": {"executed_lines": [], "summary": {"covered_lines": 0, "num_statements": 5, "percent_covered": 0.0, "percent_covered_display": "0", "missing_lines": 5, "excluded_lines": 0}, "missing_lines": [8, 10, 16, 25, 30], "excluded_lines": []}, "": {"executed_lines": [], "summary": {"covered_lines": 0, "num_statements": 6, "percent_covered": 0.0, "percent_covered_display": "0", "missing_lines": 6, "excluded_lines": 0}, "missing_lines": [1, 2, 4, 5, 7, 32], "excluded_lines": []}}, "classes": {"": {"executed_lines": [], "summary": {"covered_lines": 0, "num_statements": 11, "percent_covered": 0.0, "percent_covered_display": "0", "missing_lines": 11, "excluded_lines": 0}, "missing_lines": [1, 2, 4, 5, 7, 8, 10, 16, 25, 30, 32], "excluded_lines": []}}}, "src/models/__init__.py": {"executed_lines": [1], "summary": {"covered_lines": 0, "num_statements": 0, "percent_covered": 100.0, "percent_covered_display": "100", "missing_lines": 0, "excluded_lines": 0}, "missing_lines": [], "excluded_lines": [], "functions": {"": {"executed_lines": [1], "summary": {"covered_lines": 0, "num_statements": 0, "percent_covered": 100.0, "percent_covered_display": "100", "missing_lines": 0, "excluded_lines": 0}, "missing_lines": [], "excluded_lines": []}}, "classes": {"": {"executed_lines": [1], "summary": {"covered_lines": 0, "num_statements": 0, "percent_covered": 100.0, "percent_covered_display": "100", "missing_lines": 0, "excluded_lines": 0}, "missing_lines": [], "excluded_lines": []}}}, "src/models/base.py": {"executed_lines": [1, 2, 3, 5, 6, 7, 8, 9, 11, 12, 13, 14, 15, 17, 18, 19, 20, 21, 22, 23, 24, 26, 27, 28, 29, 30, 31, 33, 34, 35, 36, 37, 38], "summary": {"covered_lines": 28, "num_statements": 28, "percent_covered": 100.0, "percent_covered_display": "100", "missing_lines": 0, "excluded_lines": 0}, "missing_lines": [], "excluded_lines": [], "functions": {"": {"executed_lines": [1, 2, 3, 5, 6, 7, 8, 9, 11, 12, 13, 14, 15, 17, 18, 19, 20, 21, 22, 23, 24, 26, 27, 28, 29, 30, 31, 33, 34, 35, 36, 37, 38], "summary": {"covered_lines": 28, "num_statements": 28, "percent_covered": 100.0, "percent_covered_display": "100", "missing_lines": 0, "excluded_lines": 0}, "missing_lines": [], "excluded_lines": []}}, "classes": {"BeliefSystem": {"executed_lines": [], "summary": {"covered_lines": 0, "num_statements": 0, "percent_covered": 100.0, "percent_covered_display": "100", "missing_lines": 0, "excluded_lines": 0}, "missing_lines": [], "excluded_lines": []}, "SelfModel": {"executed_lines": [], "summary": {"covered_lines": 0, "num_statements": 0, "percent_covered": 100.0, "percent_covered_display": "100", "missing_lines": 0, "excluded_lines": 0}, "missing_lines": [], "excluded_lines": []}, "DialogueInteraction": {"executed_lines": [], "summary": {"covered_lines": 0, "num_statements": 0, "percent_covered": 100.0, "percent_covered_display": "100", "missing_lines": 0, "excluded_lines": 0}, "missing_lines": [], "excluded_lines": []}, "TrainingMetrics": {"executed_lines": [], "summary": {"covered_lines": 0, "num_statements": 0, "percent_covered": 100.0, "percent_covered_display": "100", "missing_lines": 0, "excluded_lines": 0}, "missing_lines": [], "excluded_lines": []}, "EvaluationResult": {"executed_lines": [], "summary": {"covered_lines": 0, "num_statements": 0, "percent_covered": 100.0, "percent_covered_display": "100", "missing_lines": 0, "excluded_lines": 0}, "missing_lines": [], "excluded_lines": []}, "": {"executed_lines": [1, 2, 3, 5, 6, 7, 8, 9, 11, 12, 13, 14, 15, 17, 18, 19, 20, 21, 22, 23, 24, 26, 27, 28, 29, 30, 31, 33, 34, 35, 36, 37, 38], "summary": {"covered_lines": 28, "num_statements": 28, "percent_covered": 100.0, "percent_covered_display": "100", "missing_lines": 0, "excluded_lines": 0}, "missing_lines": [], "excluded_lines": []}}}, "src/models/context.py": {"executed_lines": [1, 2, 4, 5, 6, 7, 8, 9, 10, 11, 12, 14], "summary": {"covered_lines": 12, "num_statements": 13, "percent_covered": 92.3076923076923, "percent_covered_display": "92", "missing_lines": 1, "excluded_lines": 0}, "missing_lines": [16], "excluded_lines": [], "functions": {"EvaluationContext.to_dict": {"executed_lines": [], "summary": {"covered_lines": 0, "num_statements": 1, "percent_covered": 0.0, "percent_covered_display": "0", "missing_lines": 1, "excluded_lines": 0}, "missing_lines": [16], "excluded_lines": []}, "": {"executed_lines": [1, 2, 4, 5, 6, 7, 8, 9, 10, 11, 12, 14], "summary": {"covered_lines": 12, "num_statements": 12, "percent_covered": 100.0, "percent_covered_display": "100", "missing_lines": 0, "excluded_lines": 0}, "missing_lines": [], "excluded_lines": []}}, "classes": {"EvaluationContext": {"executed_lines": [], "summary": {"covered_lines": 0, "num_statements": 1, "percent_covered": 0.0, "percent_covered_display": "0", "missing_lines": 1, "excluded_lines": 0}, "missing_lines": [16], "excluded_lines": []}, "": {"executed_lines": [1, 2, 4, 5, 6, 7, 8, 9, 10, 11, 12, 14], "summary": {"covered_lines": 12, "num_statements": 12, "percent_covered": 100.0, "percent_covered_display": "100", "missing_lines": 0, "excluded_lines": 0}, "missing_lines": [], "excluded_lines": []}}}, "src/models/conversation.py": {"executed_lines": [1, 2, 3, 5, 7, 8, 9, 10, 11, 12, 13, 14, 16, 17, 18, 19, 20, 21, 22, 23, 24, 26, 37, 43, 44, 45, 46, 47, 48, 50], "summary": {"covered_lines": 30, "num_statements": 37, "percent_covered": 81.08108108108108, "percent_covered_display": "81", "missing_lines": 7, "excluded_lines": 0}, "missing_lines": [27, 39, 40, 41, 52, 59, 60], "excluded_lines": [], "functions": {"ConversationMetrics.to_dict": {"executed_lines": [], "summary": {"covered_lines": 0, "num_statements": 1, "percent_covered": 0.0, "percent_covered_display": "0", "missing_lines": 1, "excluded_lines": 0}, "missing_lines": [27], "excluded_lines": []}, "ConversationMetrics.update": {"executed_lines": [], "summary": {"covered_lines": 0, "num_statements": 3, "percent_covered": 0.0, "percent_covered_display": "0", "missing_lines": 3, "excluded_lines": 0}, "missing_lines": [39, 40, 41], "excluded_lines": []}, "Conversation.add_turn": {"executed_lines": [], "summary": {"covered_lines": 0, "num_statements": 3, "percent_covered": 0.0, "percent_covered_display": "0", "missing_lines": 3, "excluded_lines": 0}, "missing_lines": [52, 59, 60], "excluded_lines": []}, "": {"executed_lines": [1, 2, 3, 5, 7, 8, 9, 10, 11, 12, 13, 14, 16, 17, 18, 19, 20, 21, 22, 23, 24, 26, 37, 43, 44, 45, 46, 47, 48, 50], "summary": {"covered_lines": 30, "num_statements": 30, "percent_covered": 100.0, "percent_covered_display": "100", "missing_lines": 0, "excluded_lines": 0}, "missing_lines": [], "excluded_lines": []}}, "classes": {"Turn": {"executed_lines": [], "summary": {"covered_lines": 0, "num_statements": 0, "percent_covered": 100.0, "percent_covered_display": "100", "missing_lines": 0, "excluded_lines": 0}, "missing_lines": [], "excluded_lines": []}, "ConversationMetrics": {"executed_lines": [], "summary": {"covered_lines": 0, "num_statements": 4, "percent_covered": 0.0, "percent_covered_display": "0", "missing_lines": 4, "excluded_lines": 0}, "missing_lines": [27, 39, 40, 41], "excluded_lines": []}, "Conversation": {"executed_lines": [], "summary": {"covered_lines": 0, "num_statements": 3, "percent_covered": 0.0, "percent_covered_display": "0", "missing_lines": 3, "excluded_lines": 0}, "missing_lines": [52, 59, 60], "excluded_lines": []}, "": {"executed_lines": [1, 2, 3, 5, 7, 8, 9, 10, 11, 12, 13, 14, 16, 17, 18, 19, 20, 21, 22, 23, 24, 26, 37, 43, 44, 45, 46, 47, 48, 50], "summary": {"covered_lines": 30, "num_statements": 30, "percent_covered": 100.0, "percent_covered_display": "100", "missing_lines": 0, "excluded_lines": 0}, "missing_lines": [], "excluded_lines": []}}}, "src/services/__init__.py": {"executed_lines": [0], "summary": {"covered_lines": 0, "num_statements": 0, "percent_covered": 100.0, "percent_covered_display": "100", "missing_lines": 0, "excluded_lines": 0}, "missing_lines": [], "excluded_lines": [], "functions": {"": {"executed_lines": [], "summary": {"covered_lines": 0, "num_statements": 0, "percent_covered": 100.0, "percent_covered_display": "100", "missing_lines": 0, "excluded_lines": 0}, "missing_lines": [], "excluded_lines": []}}, "classes": {"": {"executed_lines": [], "summary": {"covered_lines": 0, "num_statements": 0, "percent_covered": 100.0, "percent_covered_display": "100", "missing_lines": 0, "excluded_lines": 0}, "missing_lines": [], "excluded_lines": []}}}, "src/services/evaluation.py": {"executed_lines": [1, 2, 3, 4, 5, 6, 7, 13, 14, 16, 19, 21, 22, 116, 127, 131, 146], "summary": {"covered_lines": 17, "num_statements": 51, "percent_covered": 33.333333333333336, "percent_covered_display": "33", "missing_lines": 34, "excluded_lines": 0}, "missing_lines": [28, 29, 31, 32, 33, 34, 37, 95, 96, 97, 111, 112, 113, 114, 118, 119, 121, 122, 123, 124, 125, 129, 136, 137, 139, 140, 141, 142, 144, 151, 152, 153, 154, 155], "excluded_lines": [], "functions": {"EvaluationService.__init__": {"executed_lines": [], "summary": {"covered_lines": 0, "num_statements": 14, "percent_covered": 0.0, "percent_covered_display": "0", "missing_lines": 14, "excluded_lines": 0}, "missing_lines": [28, 29, 31, 32, 33, 34, 37, 95, 96, 97, 111, 112, 113, 114], "excluded_lines": []}, "EvaluationService._create_mock_measure": {"executed_lines": [], "summary": {"covered_lines": 0, "num_statements": 2, "percent_covered": 0.0, "percent_covered_display": "0", "missing_lines": 2, "excluded_lines": 0}, "missing_lines": [118, 125], "excluded_lines": []}, "EvaluationService._create_mock_measure.mock_measure": {"executed_lines": [], "summary": {"covered_lines": 0, "num_statements": 5, "percent_covered": 0.0, "percent_covered_display": "0", "missing_lines": 5, "excluded_lines": 0}, "missing_lines": [119, 121, 122, 123, 124], "excluded_lines": []}, "EvaluationService._mock_evaluate": {"executed_lines": [], "summary": {"covered_lines": 0, "num_statements": 1, "percent_covered": 0.0, "percent_covered_display": "0", "missing_lines": 1, "excluded_lines": 0}, "missing_lines": [129], "excluded_lines": []}, "EvaluationService.evaluate_conversation": {"executed_lines": [], "summary": {"covered_lines": 0, "num_statements": 7, "percent_covered": 0.0, "percent_covered_display": "0", "missing_lines": 7, "excluded_lines": 0}, "missing_lines": [136, 137, 139, 140, 141, 142, 144], "excluded_lines": []}, "EvaluationService.evaluate_dataset": {"executed_lines": [], "summary": {"covered_lines": 0, "num_statements": 5, "percent_covered": 0.0, "percent_covered_display": "0", "missing_lines": 5, "excluded_lines": 0}, "missing_lines": [151, 152, 153, 154, 155], "excluded_lines": []}, "": {"executed_lines": [1, 2, 3, 4, 5, 6, 7, 13, 14, 16, 19, 21, 22, 116, 127, 131, 146], "summary": {"covered_lines": 17, "num_statements": 17, "percent_covered": 100.0, "percent_covered_display": "100", "missing_lines": 0, "excluded_lines": 0}, "missing_lines": [], "excluded_lines": []}}, "classes": {"EvaluationService": {"executed_lines": [], "summary": {"covered_lines": 0, "num_statements": 34, "percent_covered": 0.0, "percent_covered_display": "0", "missing_lines": 34, "excluded_lines": 0}, "missing_lines": [28, 29, 31, 32, 33, 34, 37, 95, 96, 97, 111, 112, 113, 114, 118, 119, 121, 122, 123, 124, 125, 129, 136, 137, 139, 140, 141, 142, 144, 151, 152, 153, 154, 155], "excluded_lines": []}, "": {"executed_lines": [1, 2, 3, 4, 5, 6, 7, 13, 14, 16, 19, 21, 22, 116, 127, 131, 146], "summary": {"covered_lines": 17, "num_statements": 17, "percent_covered": 100.0, "percent_covered_display": "100", "missing_lines": 0, "excluded_lines": 0}, "missing_lines": [], "excluded_lines": []}}}, "src/ui/__init__.py": {"executed_lines": [1], "summary": {"covered_lines": 0, "num_statements": 0, "percent_covered": 100.0, "percent_covered_display": "100", "missing_lines": 0, "excluded_lines": 0}, "missing_lines": [], "excluded_lines": [], "functions": {"": {"executed_lines": [1], "summary": {"covered_lines": 0, "num_statements": 0, "percent_covered": 100.0, "percent_covered_display": "100", "missing_lines": 0, "excluded_lines": 0}, "missing_lines": [], "excluded_lines": []}}, "classes": {"": {"executed_lines": [1], "summary": {"covered_lines": 0, "num_statements": 0, "percent_covered": 100.0, "percent_covered_display": "100", "missing_lines": 0, "excluded_lines": 0}, "missing_lines": [], "excluded_lines": []}}}, "src/ui/app.py": {"executed_lines": [], "summary": {"covered_lines": 0, "num_statements": 89, "percent_covered": 0.0, "percent_covered_display": "0", "missing_lines": 89, "excluded_lines": 0}, "missing_lines": [1, 3, 5, 6, 7, 8, 9, 10, 12, 14, 16, 17, 34, 35, 36, 37, 38, 39, 40, 42, 44, 47, 48, 55, 56, 63, 64, 65, 66, 68, 69, 71, 72, 73, 77, 78, 79, 81, 83, 86, 89, 92, 95, 98, 99, 102, 104, 106, 107, 108, 111, 112, 113, 114, 115, 116, 117, 118, 119, 122, 123, 124, 125, 126, 127, 133, 134, 135, 137, 139, 140, 141, 143, 144, 145, 146, 148, 150, 152, 156, 157, 158, 161, 164, 166, 167, 168, 170, 171], "excluded_lines": [], "functions": {"init_session_state": {"executed_lines": [], "summary": {"covered_lines": 0, "num_statements": 10, "percent_covered": 0.0, "percent_covered_display": "0", "missing_lines": 10, "excluded_lines": 0}, "missing_lines": [14, 16, 17, 34, 35, 36, 37, 38, 39, 40], "excluded_lines": []}, "render_dataset_selector": {"executed_lines": [], "summary": {"covered_lines": 0, "num_statements": 17, "percent_covered": 0.0, "percent_covered_display": "0", "missing_lines": 17, "excluded_lines": 0}, "missing_lines": [44, 47, 48, 55, 56, 63, 64, 65, 66, 68, 69, 71, 72, 73, 77, 78, 79], "excluded_lines": []}, "main": {"executed_lines": [], "summary": {"covered_lines": 0, "num_statements": 49, "percent_covered": 0.0, "percent_covered_display": "0", "missing_lines": 49, "excluded_lines": 0}, "missing_lines": [83, 86, 89, 92, 95, 98, 99, 102, 104, 106, 107, 108, 111, 112, 113, 114, 115, 116, 117, 118, 119, 122, 123, 124, 125, 126, 127, 133, 134, 135, 137, 139, 140, 141, 143, 144, 145, 146, 148, 150, 152, 156, 157, 158, 161, 164, 166, 167, 168], "excluded_lines": []}, "": {"executed_lines": [], "summary": {"covered_lines": 0, "num_statements": 13, "percent_covered": 0.0, "percent_covered_display": "0", "missing_lines": 13, "excluded_lines": 0}, "missing_lines": [1, 3, 5, 6, 7, 8, 9, 10, 12, 42, 81, 170, 171], "excluded_lines": []}}, "classes": {"": {"executed_lines": [], "summary": {"covered_lines": 0, "num_statements": 89, "percent_covered": 0.0, "percent_covered_display": "0", "missing_lines": 89, "excluded_lines": 0}, "missing_lines": [1, 3, 5, 6, 7, 8, 9, 10, 12, 14, 16, 17, 34, 35, 36, 37, 38, 39, 40, 42, 44, 47, 48, 55, 56, 63, 64, 65, 66, 68, 69, 71, 72, 73, 77, 78, 79, 81, 83, 86, 89, 92, 95, 98, 99, 102, 104, 106, 107, 108, 111, 112, 113, 114, 115, 116, 117, 118, 119, 122, 123, 124, 125, 126, 127, 133, 134, 135, 137, 139, 140, 141, 143, 144, 145, 146, 148, 150, 152, 156, 157, 158, 161, 164, 166, 167, 168, 170, 171], "excluded_lines": []}}}, "src/ui/components/__init__.py": {"executed_lines": [1], "summary": {"covered_lines": 0, "num_statements": 0, "percent_covered": 100.0, "percent_covered_display": "100", "missing_lines": 0, "excluded_lines": 0}, "missing_lines": [], "excluded_lines": [], "functions": {"": {"executed_lines": [1], "summary": {"covered_lines": 0, "num_statements": 0, "percent_covered": 100.0, "percent_covered_display": "100", "missing_lines": 0, "excluded_lines": 0}, "missing_lines": [], "excluded_lines": []}}, "classes": {"": {"executed_lines": [1], "summary": {"covered_lines": 0, "num_statements": 0, "percent_covered": 100.0, "percent_covered_display": "100", "missing_lines": 0, "excluded_lines": 0}, "missing_lines": [], "excluded_lines": []}}}, "src/ui/components/context_viewer.py": {"executed_lines": [1, 2, 3, 4, 6, 7, 8, 20, 62, 71, 86, 101], "summary": {"covered_lines": 12, "num_statements": 85, "percent_covered": 14.117647058823529, "percent_covered_display": "14", "missing_lines": 73, "excluded_lines": 0}, "missing_lines": [10, 11, 13, 16, 17, 18, 22, 23, 25, 28, 29, 30, 31, 32, 34, 35, 36, 38, 39, 40, 41, 43, 44, 45, 46, 47, 48, 49, 51, 52, 53, 54, 56, 57, 58, 59, 60, 64, 65, 67, 68, 69, 73, 74, 76, 77, 79, 80, 81, 88, 89, 91, 92, 94, 95, 96, 103, 105, 106, 107, 110, 111, 114, 116, 117, 118, 119, 121, 122, 124, 125, 126, 127], "excluded_lines": [], "functions": {"ContextViewer.render_belief_system": {"executed_lines": [], "summary": {"covered_lines": 0, "num_statements": 6, "percent_covered": 0.0, "percent_covered_display": "0", "missing_lines": 6, "excluded_lines": 0}, "missing_lines": [10, 11, 13, 16, 17, 18], "excluded_lines": []}, "ContextViewer.render_session_history": {"executed_lines": [], "summary": {"covered_lines": 0, "num_statements": 31, "percent_covered": 0.0, "percent_covered_display": "0", "missing_lines": 31, "excluded_lines": 0}, "missing_lines": [22, 23, 25, 28, 29, 30, 31, 32, 34, 35, 36, 38, 39, 40, 41, 43, 44, 45, 46, 47, 48, 49, 51, 52, 53, 54, 56, 57, 58, 59, 60], "excluded_lines": []}, "ContextViewer.render_learning_objectives": {"executed_lines": [], "summary": {"covered_lines": 0, "num_statements": 5, "percent_covered": 0.0, "percent_covered_display": "0", "missing_lines": 5, "excluded_lines": 0}, "missing_lines": [64, 65, 67, 68, 69], "excluded_lines": []}, "ContextViewer.render_confidence_scores": {"executed_lines": [], "summary": {"covered_lines": 0, "num_statements": 7, "percent_covered": 0.0, "percent_covered_display": "0", "missing_lines": 7, "excluded_lines": 0}, "missing_lines": [73, 74, 76, 77, 79, 80, 81], "excluded_lines": []}, "ContextViewer.render_demographic_data": {"executed_lines": [], "summary": {"covered_lines": 0, "num_statements": 7, "percent_covered": 0.0, "percent_covered_display": "0", "missing_lines": 7, "excluded_lines": 0}, "missing_lines": [88, 89, 91, 92, 94, 95, 96], "excluded_lines": []}, "ContextViewer.render": {"executed_lines": [], "summary": {"covered_lines": 0, "num_statements": 17, "percent_covered": 0.0, "percent_covered_display": "0", "missing_lines": 17, "excluded_lines": 0}, "missing_lines": [103, 105, 106, 107, 110, 111, 114, 116, 117, 118, 119, 121, 122, 124, 125, 126, 127], "excluded_lines": []}, "": {"executed_lines": [1, 2, 3, 4, 6, 7, 8, 20, 62, 71, 86, 101], "summary": {"covered_lines": 12, "num_statements": 12, "percent_covered": 100.0, "percent_covered_display": "100", "missing_lines": 0, "excluded_lines": 0}, "missing_lines": [], "excluded_lines": []}}, "classes": {"ContextViewer": {"executed_lines": [], "summary": {"covered_lines": 0, "num_statements": 73, "percent_covered": 0.0, "percent_covered_display": "0", "missing_lines": 73, "excluded_lines": 0}, "missing_lines": [10, 11, 13, 16, 17, 18, 22, 23, 25, 28, 29, 30, 31, 32, 34, 35, 36, 38, 39, 40, 41, 43, 44, 45, 46, 47, 48, 49, 51, 52, 53, 54, 56, 57, 58, 59, 60, 64, 65, 67, 68, 69, 73, 74, 76, 77, 79, 80, 81, 88, 89, 91, 92, 94, 95, 96, 103, 105, 106, 107, 110, 111, 114, 116, 117, 118, 119, 121, 122, 124, 125, 126, 127], "excluded_lines": []}, "": {"executed_lines": [1, 2, 3, 4, 6, 7, 8, 20, 62, 71, 86, 101], "summary": {"covered_lines": 12, "num_statements": 12, "percent_covered": 100.0, "percent_covered_display": "100", "missing_lines": 0, "excluded_lines": 0}, "missing_lines": [], "excluded_lines": []}}}, "src/ui/components/conversation_selector.py": {"executed_lines": [1, 2, 3, 4, 6, 7, 18, 37, 57, 92, 113, 124], "summary": {"covered_lines": 12, "num_statements": 77, "percent_covered": 15.584415584415584, "percent_covered_display": "16", "missing_lines": 65, "excluded_lines": 0}, "missing_lines": [9, 10, 11, 12, 13, 14, 15, 16, 20, 21, 23, 24, 31, 32, 33, 34, 35, 39, 46, 52, 53, 54, 55, 59, 60, 63, 64, 66, 67, 69, 71, 72, 75, 76, 77, 80, 81, 82, 83, 86, 87, 88, 90, 94, 95, 96, 97, 99, 101, 109, 110, 111, 115, 116, 117, 119, 120, 122, 126, 127, 128, 130, 131, 133, 134], "excluded_lines": [], "functions": {"ConversationSelector.__init__": {"executed_lines": [], "summary": {"covered_lines": 0, "num_statements": 8, "percent_covered": 0.0, "percent_covered_display": "0", "missing_lines": 8, "excluded_lines": 0}, "missing_lines": [9, 10, 11, 12, 13, 14, 15, 16], "excluded_lines": []}, "ConversationSelector.handle_dataset_selection": {"executed_lines": [], "summary": {"covered_lines": 0, "num_statements": 9, "percent_covered": 0.0, "percent_covered_display": "0", "missing_lines": 9, "excluded_lines": 0}, "missing_lines": [20, 21, 23, 24, 31, 32, 33, 34, 35], "excluded_lines": []}, "ConversationSelector.handle_router_intent_selection": {"executed_lines": [], "summary": {"covered_lines": 0, "num_statements": 6, "percent_covered": 0.0, "percent_covered_display": "0", "missing_lines": 6, "excluded_lines": 0}, "missing_lines": [39, 46, 52, 53, 54, 55], "excluded_lines": []}, "ConversationSelector.get_filtered_conversations": {"executed_lines": [], "summary": {"covered_lines": 0, "num_statements": 20, "percent_covered": 0.0, "percent_covered_display": "0", "missing_lines": 20, "excluded_lines": 0}, "missing_lines": [59, 60, 63, 64, 66, 67, 69, 71, 72, 75, 76, 77, 80, 81, 82, 83, 86, 87, 88, 90], "excluded_lines": []}, "ConversationSelector.handle_conversation_selection": {"executed_lines": [], "summary": {"covered_lines": 0, "num_statements": 9, "percent_covered": 0.0, "percent_covered_display": "0", "missing_lines": 9, "excluded_lines": 0}, "missing_lines": [94, 95, 96, 97, 99, 101, 109, 110, 111], "excluded_lines": []}, "ConversationSelector.get_current_conversation": {"executed_lines": [], "summary": {"covered_lines": 0, "num_statements": 6, "percent_covered": 0.0, "percent_covered_display": "0", "missing_lines": 6, "excluded_lines": 0}, "missing_lines": [115, 116, 117, 119, 120, 122], "excluded_lines": []}, "ConversationSelector.render": {"executed_lines": [], "summary": {"covered_lines": 0, "num_statements": 7, "percent_covered": 0.0, "percent_covered_display": "0", "missing_lines": 7, "excluded_lines": 0}, "missing_lines": [126, 127, 128, 130, 131, 133, 134], "excluded_lines": []}, "": {"executed_lines": [1, 2, 3, 4, 6, 7, 18, 37, 57, 92, 113, 124], "summary": {"covered_lines": 12, "num_statements": 12, "percent_covered": 100.0, "percent_covered_display": "100", "missing_lines": 0, "excluded_lines": 0}, "missing_lines": [], "excluded_lines": []}}, "classes": {"ConversationSelector": {"executed_lines": [], "summary": {"covered_lines": 0, "num_statements": 65, "percent_covered": 0.0, "percent_covered_display": "0", "missing_lines": 65, "excluded_lines": 0}, "missing_lines": [9, 10, 11, 12, 13, 14, 15, 16, 20, 21, 23, 24, 31, 32, 33, 34, 35, 39, 46, 52, 53, 54, 55, 59, 60, 63, 64, 66, 67, 69, 71, 72, 75, 76, 77, 80, 81, 82, 83, 86, 87, 88, 90, 94, 95, 96, 97, 99, 101, 109, 110, 111, 115, 116, 117, 119, 120, 122, 126, 127, 128, 130, 131, 133, 134], "excluded_lines": []}, "": {"executed_lines": [1, 2, 3, 4, 6, 7, 18, 37, 57, 92, 113, 124], "summary": {"covered_lines": 12, "num_statements": 12, "percent_covered": 100.0, "percent_covered_display": "100", "missing_lines": 0, "excluded_lines": 0}, "missing_lines": [], "excluded_lines": []}}}, "src/ui/components/conversation_turn.py": {"executed_lines": [1, 2, 3, 4, 6, 8, 9, 10, 11, 13, 44, 71, 153], "summary": {"covered_lines": 13, "num_statements": 54, "percent_covered": 24.074074074074073, "percent_covered_display": "24", "missing_lines": 41, "excluded_lines": 0}, "missing_lines": [15, 16, 17, 19, 20, 22, 23, 24, 26, 33, 42, 46, 47, 48, 49, 50, 52, 53, 59, 61, 62, 69, 78, 122, 123, 126, 134, 142, 143, 144, 145, 148, 149, 151, 159, 161, 162, 163, 164, 169, 170], "excluded_lines": [], "functions": {"TurnMetricsSummary.render_indicator": {"executed_lines": [], "summary": {"covered_lines": 0, "num_statements": 11, "percent_covered": 0.0, "percent_covered_display": "0", "missing_lines": 11, "excluded_lines": 0}, "missing_lines": [15, 16, 17, 19, 20, 22, 23, 24, 26, 33, 42], "excluded_lines": []}, "render_belief_diff": {"executed_lines": [], "summary": {"covered_lines": 0, "num_statements": 11, "percent_covered": 0.0, "percent_covered_display": "0", "missing_lines": 11, "excluded_lines": 0}, "missing_lines": [46, 47, 48, 49, 50, 52, 53, 59, 61, 62, 69], "excluded_lines": []}, "render_conversation_turn": {"executed_lines": [], "summary": {"covered_lines": 0, "num_statements": 12, "percent_covered": 0.0, "percent_covered_display": "0", "missing_lines": 12, "excluded_lines": 0}, "missing_lines": [78, 122, 123, 126, 134, 142, 143, 144, 145, 148, 149, 151], "excluded_lines": []}, "render_conversation_sidebar": {"executed_lines": [], "summary": {"covered_lines": 0, "num_statements": 7, "percent_covered": 0.0, "percent_covered_display": "0", "missing_lines": 7, "excluded_lines": 0}, "missing_lines": [159, 161, 162, 163, 164, 169, 170], "excluded_lines": []}, "": {"executed_lines": [1, 2, 3, 4, 6, 8, 9, 10, 11, 13, 44, 71, 153], "summary": {"covered_lines": 13, "num_statements": 13, "percent_covered": 100.0, "percent_covered_display": "100", "missing_lines": 0, "excluded_lines": 0}, "missing_lines": [], "excluded_lines": []}}, "classes": {"TurnMetricsSummary": {"executed_lines": [], "summary": {"covered_lines": 0, "num_statements": 11, "percent_covered": 0.0, "percent_covered_display": "0", "missing_lines": 11, "excluded_lines": 0}, "missing_lines": [15, 16, 17, 19, 20, 22, 23, 24, 26, 33, 42], "excluded_lines": []}, "": {"executed_lines": [1, 2, 3, 4, 6, 8, 9, 10, 11, 13, 44, 71, 153], "summary": {"covered_lines": 13, "num_statements": 43, "percent_covered": 30.232558139534884, "percent_covered_display": "30", "missing_lines": 30, "excluded_lines": 0}, "missing_lines": [46, 47, 48, 49, 50, 52, 53, 59, 61, 62, 69, 78, 122, 123, 126, 134, 142, 143, 144, 145, 148, 149, 151, 159, 161, 162, 163, 164, 169, 170], "excluded_lines": []}}}, "src/ui/components/main_layout.py": {"executed_lines": [1, 2, 3, 4, 5, 7, 8, 10, 11, 12, 13, 14, 15, 17, 18, 19, 37, 54, 116, 148], "summary": {"covered_lines": 20, "num_statements": 118, "percent_covered": 16.949152542372882, "percent_covered_display": "17", "missing_lines": 98, "excluded_lines": 0}, "missing_lines": [26, 27, 28, 29, 32, 33, 34, 35, 39, 40, 42, 52, 57, 58, 61, 62, 63, 66, 67, 69, 70, 71, 72, 75, 77, 78, 79, 80, 81, 82, 83, 85, 87, 89, 90, 91, 92, 94, 96, 98, 99, 100, 101, 103, 104, 105, 106, 107, 108, 109, 110, 112, 114, 125, 127, 129, 131, 134, 135, 136, 142, 143, 145, 146, 151, 154, 155, 156, 157, 160, 161, 164, 166, 168, 169, 170, 176, 177, 178, 181, 183, 184, 186, 187, 189, 191, 192, 193, 195, 196, 202, 203, 210, 213, 214, 216, 218, 219], "excluded_lines": [], "functions": {"MainLayout.__init__": {"executed_lines": [], "summary": {"covered_lines": 0, "num_statements": 8, "percent_covered": 0.0, "percent_covered_display": "0", "missing_lines": 8, "excluded_lines": 0}, "missing_lines": [26, 27, 28, 29, 32, 33, 34, 35], "excluded_lines": []}, "MainLayout.convert_test_case_to_turns": {"executed_lines": [], "summary": {"covered_lines": 0, "num_statements": 4, "percent_covered": 0.0, "percent_covered_display": "0", "missing_lines": 4, "excluded_lines": 0}, "missing_lines": [39, 40, 42, 52], "excluded_lines": []}, "MainLayout.extract_context_from_test_case": {"executed_lines": [], "summary": {"covered_lines": 0, "num_statements": 41, "percent_covered": 0.0, "percent_covered_display": "0", "missing_lines": 41, "excluded_lines": 0}, "missing_lines": [57, 58, 61, 62, 63, 66, 67, 69, 70, 71, 72, 75, 77, 78, 79, 80, 81, 82, 83, 85, 87, 89, 90, 91, 92, 94, 96, 98, 99, 100, 101, 103, 104, 105, 106, 107, 108, 109, 110, 112, 114], "excluded_lines": []}, "MainLayout.run_evaluation": {"executed_lines": [], "summary": {"covered_lines": 0, "num_statements": 11, "percent_covered": 0.0, "percent_covered_display": "0", "missing_lines": 11, "excluded_lines": 0}, "missing_lines": [125, 127, 129, 131, 134, 135, 136, 142, 143, 145, 146], "excluded_lines": []}, "MainLayout.render": {"executed_lines": [], "summary": {"covered_lines": 0, "num_statements": 34, "percent_covered": 0.0, "percent_covered_display": "0", "missing_lines": 34, "excluded_lines": 0}, "missing_lines": [151, 154, 155, 156, 157, 160, 161, 164, 166, 168, 169, 170, 176, 177, 178, 181, 183, 184, 186, 187, 189, 191, 192, 193, 195, 196, 202, 203, 210, 213, 214, 216, 218, 219], "excluded_lines": []}, "": {"executed_lines": [1, 2, 3, 4, 5, 7, 8, 10, 11, 12, 13, 14, 15, 17, 18, 19, 37, 54, 116, 148], "summary": {"covered_lines": 20, "num_statements": 20, "percent_covered": 100.0, "percent_covered_display": "100", "missing_lines": 0, "excluded_lines": 0}, "missing_lines": [], "excluded_lines": []}}, "classes": {"MainLayout": {"executed_lines": [], "summary": {"covered_lines": 0, "num_statements": 98, "percent_covered": 0.0, "percent_covered_display": "0", "missing_lines": 98, "excluded_lines": 0}, "missing_lines": [26, 27, 28, 29, 32, 33, 34, 35, 39, 40, 42, 52, 57, 58, 61, 62, 63, 66, 67, 69, 70, 71, 72, 75, 77, 78, 79, 80, 81, 82, 83, 85, 87, 89, 90, 91, 92, 94, 96, 98, 99, 100, 101, 103, 104, 105, 106, 107, 108, 109, 110, 112, 114, 125, 127, 129, 131, 134, 135, 136, 142, 143, 145, 146, 151, 154, 155, 156, 157, 160, 161, 164, 166, 168, 169, 170, 176, 177, 178, 181, 183, 184, 186, 187, 189, 191, 192, 193, 195, 196, 202, 203, 210, 213, 214, 216, 218, 219], "excluded_lines": []}, "": {"executed_lines": [1, 2, 3, 4, 5, 7, 8, 10, 11, 12, 13, 14, 15, 17, 18, 19, 37, 54, 116, 148], "summary": {"covered_lines": 20, "num_statements": 20, "percent_covered": 100.0, "percent_covered_display": "100", "missing_lines": 0, "excluded_lines": 0}, "missing_lines": [], "excluded_lines": []}}}, "src/ui/components/metrics_display.py": {"executed_lines": [1, 2, 3, 4, 5, 6, 8, 9, 10, 23, 48, 61, 114, 127], "summary": {"covered_lines": 14, "num_statements": 86, "percent_covered": 16.27906976744186, "percent_covered_display": "16", "missing_lines": 72, "excluded_lines": 0}, "missing_lines": [12, 13, 14, 15, 16, 17, 18, 19, 20, 21, 25, 26, 28, 35, 46, 51, 57, 63, 64, 65, 68, 69, 70, 71, 72, 74, 75, 76, 79, 82, 83, 86, 87, 88, 91, 93, 94, 96, 97, 103, 104, 111, 112, 116, 125, 129, 130, 132, 135, 136, 138, 139, 140, 141, 143, 144, 145, 146, 147, 148, 149, 150, 151, 153, 154, 155, 158, 159, 160, 161, 168, 176], "excluded_lines": [], "functions": {"MetricsDisplay.validate_metric_value": {"executed_lines": [], "summary": {"covered_lines": 0, "num_statements": 10, "percent_covered": 0.0, "percent_covered_display": "0", "missing_lines": 10, "excluded_lines": 0}, "missing_lines": [12, 13, 14, 15, 16, 17, 18, 19, 20, 21], "excluded_lines": []}, "MetricsDisplay.render_radar_chart": {"executed_lines": [], "summary": {"covered_lines": 0, "num_statements": 5, "percent_covered": 0.0, "percent_covered_display": "0", "missing_lines": 5, "excluded_lines": 0}, "missing_lines": [25, 26, 28, 35, 46], "excluded_lines": []}, "MetricsDisplay.render_metrics_table": {"executed_lines": [], "summary": {"covered_lines": 0, "num_statements": 2, "percent_covered": 0.0, "percent_covered_display": "0", "missing_lines": 2, "excluded_lines": 0}, "missing_lines": [51, 57], "excluded_lines": []}, "MetricsDisplay.render": {"executed_lines": [], "summary": {"covered_lines": 0, "num_statements": 26, "percent_covered": 0.0, "percent_covered_display": "0", "missing_lines": 26, "excluded_lines": 0}, "missing_lines": [63, 64, 65, 68, 69, 70, 71, 72, 74, 75, 76, 79, 82, 83, 86, 87, 88, 91, 93, 94, 96, 97, 103, 104, 111, 112], "excluded_lines": []}, "MetricsDisplay.get_metric_description": {"executed_lines": [], "summary": {"covered_lines": 0, "num_statements": 2, "percent_covered": 0.0, "percent_covered_display": "0", "missing_lines": 2, "excluded_lines": 0}, "missing_lines": [116, 125], "excluded_lines": []}, "MetricsDisplay.render_trends": {"executed_lines": [], "summary": {"covered_lines": 0, "num_statements": 27, "percent_covered": 0.0, "percent_covered_display": "0", "missing_lines": 27, "excluded_lines": 0}, "missing_lines": [129, 130, 132, 135, 136, 138, 139, 140, 141, 143, 144, 145, 146, 147, 148, 149, 150, 151, 153, 154, 155, 158, 159, 160, 161, 168, 176], "excluded_lines": []}, "": {"executed_lines": [1, 2, 3, 4, 5, 6, 8, 9, 10, 23, 48, 61, 114, 127], "summary": {"covered_lines": 14, "num_statements": 14, "percent_covered": 100.0, "percent_covered_display": "100", "missing_lines": 0, "excluded_lines": 0}, "missing_lines": [], "excluded_lines": []}}, "classes": {"MetricsDisplay": {"executed_lines": [], "summary": {"covered_lines": 0, "num_statements": 72, "percent_covered": 0.0, "percent_covered_display": "0", "missing_lines": 72, "excluded_lines": 0}, "missing_lines": [12, 13, 14, 15, 16, 17, 18, 19, 20, 21, 25, 26, 28, 35, 46, 51, 57, 63, 64, 65, 68, 69, 70, 71, 72, 74, 75, 76, 79, 82, 83, 86, 87, 88, 91, 93, 94, 96, 97, 103, 104, 111, 112, 116, 125, 129, 130, 132, 135, 136, 138, 139, 140, 141, 143, 144, 145, 146, 147, 148, 149, 150, 151, 153, 154, 155, 158, 159, 160, 161, 168, 176], "excluded_lines": []}, "": {"executed_lines": [1, 2, 3, 4, 5, 6, 8, 9, 10, 23, 48, 61, 114, 127], "summary": {"covered_lines": 14, "num_statements": 14, "percent_covered": 100.0, "percent_covered_display": "100", "missing_lines": 0, "excluded_lines": 0}, "missing_lines": [], "excluded_lines": []}}}, "src/ui/dashboard.py": {"executed_lines": [1, 2, 3, 4, 6, 11, 12, 20, 47, 62, 87, 128], "summary": {"covered_lines": 12, "num_statements": 67, "percent_covered": 17.91044776119403, "percent_covered_display": "18", "missing_lines": 55, "excluded_lines": 0}, "missing_lines": [13, 14, 15, 16, 17, 18, 22, 24, 25, 26, 29, 35, 45, 49, 52, 53, 54, 57, 58, 59, 60, 64, 65, 66, 69, 70, 73, 75, 76, 77, 78, 79, 81, 82, 83, 84, 85, 89, 90, 91, 94, 95, 98, 100, 102, 104, 105, 111, 112, 117, 118, 123, 124, 126, 130], "excluded_lines": [], "functions": {"Dashboard.__init__": {"executed_lines": [], "summary": {"covered_lines": 0, "num_statements": 6, "percent_covered": 0.0, "percent_covered_display": "0", "missing_lines": 6, "excluded_lines": 0}, "missing_lines": [13, 14, 15, 16, 17, 18], "excluded_lines": []}, "Dashboard.render_metrics_overview": {"executed_lines": [], "summary": {"covered_lines": 0, "num_statements": 7, "percent_covered": 0.0, "percent_covered_display": "0", "missing_lines": 7, "excluded_lines": 0}, "missing_lines": [22, 24, 25, 26, 29, 35, 45], "excluded_lines": []}, "Dashboard.render_belief_system": {"executed_lines": [], "summary": {"covered_lines": 0, "num_statements": 8, "percent_covered": 0.0, "percent_covered_display": "0", "missing_lines": 8, "excluded_lines": 0}, "missing_lines": [49, 52, 53, 54, 57, 58, 59, 60], "excluded_lines": []}, "Dashboard.render_main_view": {"executed_lines": [], "summary": {"covered_lines": 0, "num_statements": 16, "percent_covered": 0.0, "percent_covered_display": "0", "missing_lines": 16, "excluded_lines": 0}, "missing_lines": [64, 65, 66, 69, 70, 73, 75, 76, 77, 78, 79, 81, 82, 83, 84, 85], "excluded_lines": []}, "Dashboard.render": {"executed_lines": [], "summary": {"covered_lines": 0, "num_statements": 17, "percent_covered": 0.0, "percent_covered_display": "0", "missing_lines": 17, "excluded_lines": 0}, "missing_lines": [89, 90, 91, 94, 95, 98, 100, 102, 104, 105, 111, 112, 117, 118, 123, 124, 126], "excluded_lines": []}, "Dashboard.handle_turn_selection": {"executed_lines": [], "summary": {"covered_lines": 0, "num_statements": 1, "percent_covered": 0.0, "percent_covered_display": "0", "missing_lines": 1, "excluded_lines": 0}, "missing_lines": [130], "excluded_lines": []}, "": {"executed_lines": [1, 2, 3, 4, 6, 11, 12, 20, 47, 62, 87, 128], "summary": {"covered_lines": 12, "num_statements": 12, "percent_covered": 100.0, "percent_covered_display": "100", "missing_lines": 0, "excluded_lines": 0}, "missing_lines": [], "excluded_lines": []}}, "classes": {"Dashboard": {"executed_lines": [], "summary": {"covered_lines": 0, "num_statements": 55, "percent_covered": 0.0, "percent_covered_display": "0", "missing_lines": 55, "excluded_lines": 0}, "missing_lines": [13, 14, 15, 16, 17, 18, 22, 24, 25, 26, 29, 35, 45, 49, 52, 53, 54, 57, 58, 59, 60, 64, 65, 66, 69, 70, 73, 75, 76, 77, 78, 79, 81, 82, 83, 84, 85, 89, 90, 91, 94, 95, 98, 100, 102, 104, 105, 111, 112, 117, 118, 123, 124, 126, 130], "excluded_lines": []}, "": {"executed_lines": [1, 2, 3, 4, 6, 11, 12, 20, 47, 62, 87, 128], "summary": {"covered_lines": 12, "num_statements": 12, "percent_covered": 100.0, "percent_covered_display": "100", "missing_lines": 0, "excluded_lines": 0}, "missing_lines": [], "excluded_lines": []}}}}, "totals": {"covered_lines": 188, "num_statements": 795, "percent_covered": 23.647798742138363, "percent_covered_display": "24", "missing_lines": 607, "excluded_lines": 0}}